CRITICAL - 2025-01-30 22:20:37 --> ParseError: syntax error, unexpected identifier "grey", expecting ")"
[Method: GET, Route: project/27ZGEV]
in APPPATH/Views/project.php on line 377.
 1 SYSTEMPATH/View/View.php(237): CodeIgniter\View\View->CodeIgniter\View\{closure}()
 2 SYSTEMPATH/Common.php(1171): CodeIgniter\View\View->render('project', [], true)
 3 APPPATH/Controllers/Project.php(69): view('project', [...])
 4 SYSTEMPATH/CodeIgniter.php(933): App\Controllers\Project->id('27ZGEV')
 5 SYSTEMPATH/CodeIgniter.php(509): CodeIgniter\CodeIgniter->runController(Object(App\Controllers\Project))
 6 SYSTEMPATH/CodeIgniter.php(355): CodeIgniter\CodeIgniter->handleRequest(null, Object(Config\Cache), false)
 7 SYSTEMPATH/Boot.php(325): CodeIgniter\CodeIgniter->run()
 8 SYSTEMPATH/Boot.php(67): CodeIgniter\Boot::runCodeIgniter(Object(CodeIgniter\CodeIgniter))
 9 FCPATH/index.php(56): CodeIgniter\Boot::bootWeb(Object(Config\Paths))
10 SYSTEMPATH/Commands/Server/rewrite.php(49): require_once('/Users/diego/Documents/GitHub/cocada-web/public/index.php')
CRITICAL - 2025-01-30 22:20:57 --> ParseError: syntax error, unexpected identifier "grey", expecting ")"
[Method: GET, Route: project/27ZGEV]
in APPPATH/Views/project.php on line 377.
 1 SYSTEMPATH/View/View.php(237): CodeIgniter\View\View->CodeIgniter\View\{closure}()
 2 SYSTEMPATH/Common.php(1171): CodeIgniter\View\View->render('project', [], true)
 3 APPPATH/Controllers/Project.php(69): view('project', [...])
 4 SYSTEMPATH/CodeIgniter.php(933): App\Controllers\Project->id('27ZGEV')
 5 SYSTEMPATH/CodeIgniter.php(509): CodeIgniter\CodeIgniter->runController(Object(App\Controllers\Project))
 6 SYSTEMPATH/CodeIgniter.php(355): CodeIgniter\CodeIgniter->handleRequest(null, Object(Config\Cache), false)
 7 SYSTEMPATH/Boot.php(325): CodeIgniter\CodeIgniter->run()
 8 SYSTEMPATH/Boot.php(67): CodeIgniter\Boot::runCodeIgniter(Object(CodeIgniter\CodeIgniter))
 9 FCPATH/index.php(56): CodeIgniter\Boot::bootWeb(Object(Config\Paths))
10 SYSTEMPATH/Commands/Server/rewrite.php(49): require_once('/Users/diego/Documents/GitHub/cocada-web/public/index.php')
