CRITICAL - 2024-11-24 13:22:38 --> ErrorException: fopen(http://localhost:8080//data/pdb/2/2LZM/info.txt): Failed to open stream: HTTP request failed!
[Method: GET, Route: entry/2LZM]
in APPPATH/Controllers/Home.php on line 36.
 1 [internal function]: CodeIgniter\Debug\Exceptions->errorHandler(2, 'fopen(http://localhost:8080//data/pdb/2/2LZM/info.txt): Failed to open stream: HTTP request failed!', '/Users/diego/Documents/GitHub/cocada-db/app/Controllers/Home.php', 36)
 2 APPPATH/Controllers/Home.php(36): fopen('http://localhost:8080//data/pdb/2/2LZM/info.txt', 'r')
 3 APPPATH/Controllers/Home.php(83): App\Controllers\Home->getInfo('2LZM')
 4 SYSTEMPATH/CodeIgniter.php(933): App\Controllers\Home->entry('2LZM')
 5 SYSTEMPATH/CodeIgniter.php(509): CodeIgniter\CodeIgniter->runController(Object(App\Controllers\Home))
 6 SYSTEMPATH/CodeIgniter.php(355): CodeIgniter\CodeIgniter->handleRequest(null, Object(Config\Cache), false)
 7 SYSTEMPATH/Boot.php(325): CodeIgniter\CodeIgniter->run()
 8 SYSTEMPATH/Boot.php(67): CodeIgniter\Boot::runCodeIgniter(Object(CodeIgniter\CodeIgniter))
 9 FCPATH/index.php(56): CodeIgniter\Boot::bootWeb(Object(Config\Paths))
10 SYSTEMPATH/Commands/Server/rewrite.php(49): require_once('/Users/diego/Documents/GitHub/cocada-db/public/index.php')
CRITICAL - 2024-11-24 13:23:38 --> ErrorException: fopen(http://localhost:8080//data/pdb/2/2LZM/info.txt): Failed to open stream: HTTP request failed!
[Method: GET, Route: entry/2LZM]
in APPPATH/Controllers/Home.php on line 36.
 1 [internal function]: CodeIgniter\Debug\Exceptions->errorHandler(2, 'fopen(http://localhost:8080//data/pdb/2/2LZM/info.txt): Failed to open stream: HTTP request failed!', '/Users/diego/Documents/GitHub/cocada-db/app/Controllers/Home.php', 36)
 2 APPPATH/Controllers/Home.php(36): fopen('http://localhost:8080//data/pdb/2/2LZM/info.txt', 'r')
 3 APPPATH/Controllers/Home.php(83): App\Controllers\Home->getInfo('2LZM')
 4 SYSTEMPATH/CodeIgniter.php(933): App\Controllers\Home->entry('2LZM')
 5 SYSTEMPATH/CodeIgniter.php(509): CodeIgniter\CodeIgniter->runController(Object(App\Controllers\Home))
 6 SYSTEMPATH/CodeIgniter.php(355): CodeIgniter\CodeIgniter->handleRequest(null, Object(Config\Cache), false)
 7 SYSTEMPATH/Boot.php(325): CodeIgniter\CodeIgniter->run()
 8 SYSTEMPATH/Boot.php(67): CodeIgniter\Boot::runCodeIgniter(Object(CodeIgniter\CodeIgniter))
 9 FCPATH/index.php(56): CodeIgniter\Boot::bootWeb(Object(Config\Paths))
10 SYSTEMPATH/Commands/Server/rewrite.php(49): require_once('/Users/diego/Documents/GitHub/cocada-db/public/index.php')
