CRITICAL - 2025-01-22 21:16:55 --> ErrorException: fopen(/Users/diego/Documents/GitHub/cocada-db/public/data/projects/USLF8O/contacts.csv): Failed to open stream: No such file or directory
[Method: GET, Route: project/USLF8O]
in APPPATH/Controllers/Project.php on line 42.
 1 [internal function]: CodeIgniter\Debug\Exceptions->errorHandler(2, 'fopen(/Users/diego/Documents/GitHub/cocada-db/public/data/projects/USLF8O/contacts.csv): Failed to open stream: No such file or directory', '/Users/diego/Documents/GitHub/cocada-db/app/Controllers/Project.php', 42)
 2 APPPATH/Controllers/Project.php(42): fopen('/Users/diego/Documents/GitHub/cocada-db/public/data/projects/USLF8O/contacts.csv', 'r')
 3 SYSTEMPATH/CodeIgniter.php(933): App\Controllers\Project->id('USLF8O')
 4 SYSTEMPATH/CodeIgniter.php(509): CodeIgniter\CodeIgniter->runController(Object(App\Controllers\Project))
 5 SYSTEMPATH/CodeIgniter.php(355): CodeIgniter\CodeIgniter->handleRequest(null, Object(Config\Cache), false)
 6 SYSTEMPATH/Boot.php(325): CodeIgniter\CodeIgniter->run()
 7 SYSTEMPATH/Boot.php(67): CodeIgniter\Boot::runCodeIgniter(Object(CodeIgniter\CodeIgniter))
 8 FCPATH/index.php(56): CodeIgniter\Boot::bootWeb(Object(Config\Paths))
 9 SYSTEMPATH/Commands/Server/rewrite.php(49): require_once('/Users/diego/Documents/GitHub/cocada-db/public/index.php')
CRITICAL - 2025-01-22 21:17:08 --> ErrorException: fopen(/Users/diego/Documents/GitHub/cocada-db/public/data/projects/R7J0A1/contacts.csv): Failed to open stream: No such file or directory
[Method: GET, Route: project/R7J0A1]
in APPPATH/Controllers/Project.php on line 42.
 1 [internal function]: CodeIgniter\Debug\Exceptions->errorHandler(2, 'fopen(/Users/diego/Documents/GitHub/cocada-db/public/data/projects/R7J0A1/contacts.csv): Failed to open stream: No such file or directory', '/Users/diego/Documents/GitHub/cocada-db/app/Controllers/Project.php', 42)
 2 APPPATH/Controllers/Project.php(42): fopen('/Users/diego/Documents/GitHub/cocada-db/public/data/projects/R7J0A1/contacts.csv', 'r')
 3 SYSTEMPATH/CodeIgniter.php(933): App\Controllers\Project->id('R7J0A1')
 4 SYSTEMPATH/CodeIgniter.php(509): CodeIgniter\CodeIgniter->runController(Object(App\Controllers\Project))
 5 SYSTEMPATH/CodeIgniter.php(355): CodeIgniter\CodeIgniter->handleRequest(null, Object(Config\Cache), false)
 6 SYSTEMPATH/Boot.php(325): CodeIgniter\CodeIgniter->run()
 7 SYSTEMPATH/Boot.php(67): CodeIgniter\Boot::runCodeIgniter(Object(CodeIgniter\CodeIgniter))
 8 FCPATH/index.php(56): CodeIgniter\Boot::bootWeb(Object(Config\Paths))
 9 SYSTEMPATH/Commands/Server/rewrite.php(49): require_once('/Users/diego/Documents/GitHub/cocada-db/public/index.php')
